<?xml version="1.0" encoding="UTF-8"?>
<!-- Generated by org.testng.reporters.JUnitXMLReporter -->
<testsuite hostname="DESKTOP-LU8C54V" failures="3" tests="16" name="Test" time="50.772" errors="0" timestamp="30 Dec 2022 14:05:10 GMT">
  <testcase classname="testcase.employee_create_002" name="@BeforeMethod browser" time="0.0">
    <failure type="org.openqa.selenium.WebDriverException" message="disconnected: received Inspector.detached event
  (failed to check if window was closed: disconnected: Unable to receive message from renderer)
  (Session info: chrome=108.0.5359.125)
  (Driver info: chromedriver=108.0.5359.71 (1e0e3868ee06e91ad636a874420e3ca3ae3756ac-refs/branch-heads/5359@{#1016}),platform=Windows NT 10.0.19044 x86_64) (WARNING: The server did not provide any stacktrace information)
Command duration or timeout: 5.64 seconds
Build info: version: &amp;apos;2.48.2&amp;apos;, revision: &amp;apos;41bccdd&amp;apos;, time: &amp;apos;2015-10-09 19:55:52&amp;apos;
System info: host: &amp;apos;DESKTOP-LU8C54V&amp;apos;, ip: &amp;apos;192.168.1.2&amp;apos;, os.name: &amp;apos;Windows 10&amp;apos;, os.arch: &amp;apos;amd64&amp;apos;, os.version: &amp;apos;10.0&amp;apos;, java.version: &amp;apos;17.0.2&amp;apos;
Driver info: org.openqa.selenium.chrome.ChromeDriver
Capabilities [{mobileEmulationEnabled=false, timeouts={implicit=0, pageLoad=300000, script=30000}, hasTouchScreen=false, platform=XP, acceptSslCerts=false, goog:chromeOptions={debuggerAddress=localhost:52103}, webauthn:extension:credBlob=true, acceptInsecureCerts=false, webStorageEnabled=true, browserName=chrome, takesScreenshot=true, javascriptEnabled=true, setWindowRect=true, webauthn:extension:largeBlob=true, unexpectedAlertBehaviour=ignore, rotatable=false, networkConnectionEnabled=false, chrome={chromedriverVersion=108.0.5359.71 (1e0e3868ee06e91ad636a874420e3ca3ae3756ac-refs/branch-heads/5359@{#1016}), userDataDir=C:\Users\Raj\AppData\Local\Temp\scoped_dir15032_447531231}, takesHeapSnapshot=true, pageLoadStrategy=normal, strictFileInteractability=false, databaseEnabled=false, handlesAlerts=true, version=108.0.5359.125, browserConnectionEnabled=false, proxy={}, nativeEvents=true, locationContextEnabled=true, cssSelectorsEnabled=true, webauthn:virtualAuthenticators=true}]
Session ID: 74eb8de8009f2b5f650420bfe4dce2fa">
      <![CDATA[org.openqa.selenium.WebDriverException: disconnected: received Inspector.detached event
  (failed to check if window was closed: disconnected: Unable to receive message from renderer)
  (Session info: chrome=108.0.5359.125)
  (Driver info: chromedriver=108.0.5359.71 (1e0e3868ee06e91ad636a874420e3ca3ae3756ac-refs/branch-heads/5359@{#1016}),platform=Windows NT 10.0.19044 x86_64) (WARNING: The server did not provide any stacktrace information)
Command duration or timeout: 5.64 seconds
Build info: version: '2.48.2', revision: '41bccdd', time: '2015-10-09 19:55:52'
System info: host: 'DESKTOP-LU8C54V', ip: '192.168.1.2', os.name: 'Windows 10', os.arch: 'amd64', os.version: '10.0', java.version: '17.0.2'
Driver info: org.openqa.selenium.chrome.ChromeDriver
Capabilities [{mobileEmulationEnabled=false, timeouts={implicit=0, pageLoad=300000, script=30000}, hasTouchScreen=false, platform=XP, acceptSslCerts=false, goog:chromeOptions={debuggerAddress=localhost:52103}, webauthn:extension:credBlob=true, acceptInsecureCerts=false, webStorageEnabled=true, browserName=chrome, takesScreenshot=true, javascriptEnabled=true, setWindowRect=true, webauthn:extension:largeBlob=true, unexpectedAlertBehaviour=ignore, rotatable=false, networkConnectionEnabled=false, chrome={chromedriverVersion=108.0.5359.71 (1e0e3868ee06e91ad636a874420e3ca3ae3756ac-refs/branch-heads/5359@{#1016}), userDataDir=C:\Users\Raj\AppData\Local\Temp\scoped_dir15032_447531231}, takesHeapSnapshot=true, pageLoadStrategy=normal, strictFileInteractability=false, databaseEnabled=false, handlesAlerts=true, version=108.0.5359.125, browserConnectionEnabled=false, proxy={}, nativeEvents=true, locationContextEnabled=true, cssSelectorsEnabled=true, webauthn:virtualAuthenticators=true}]
Session ID: 74eb8de8009f2b5f650420bfe4dce2fa
	at org.openqa.selenium.remote.ErrorHandler.createThrowable(ErrorHandler.java:206)
	at org.openqa.selenium.remote.ErrorHandler.throwIfResponseFailed(ErrorHandler.java:158)
	at org.openqa.selenium.remote.RemoteWebDriver.execute(RemoteWebDriver.java:647)
	at org.openqa.selenium.remote.RemoteWebDriver.get(RemoteWebDriver.java:311)
	at Jala_base.base.browser(base.java:32)
... Removed 31 stack frames]]>
    </failure>
  </testcase> <!-- @BeforeMethod browser -->
  <testcase classname="testcase.searchEmp_003" name="@BeforeMethod browser" time="0.0">
    <skipped/>
  </testcase> <!-- @BeforeMethod browser -->
  <testcase classname="testcase.serarchEmp_Duplicate_0014" name="@BeforeMethod browser" time="0.0">
    <skipped/>
  </testcase> <!-- @BeforeMethod browser -->
  <testcase classname="testcase.HandleMultipleTabs_004" name="@BeforeMethod browser" time="0.0">
    <skipped/>
  </testcase> <!-- @BeforeMethod browser -->
  <testcase classname="testcase.Single_Menus_005" name="@BeforeMethod browser" time="0.0">
    <skipped/>
  </testcase> <!-- @BeforeMethod browser -->
  <testcase classname="testcase.Sub_Menus_006" name="@BeforeMethod browser" time="0.0">
    <skipped/>
  </testcase> <!-- @BeforeMethod browser -->
  <testcase classname="testcase.Autocomplete_007" name="@BeforeMethod browser" time="0.0">
    <skipped/>
  </testcase> <!-- @BeforeMethod browser -->
  <testcase classname="testcase.Collapsible_008" name="@BeforeMethod browser" time="0.0">
    <skipped/>
  </testcase> <!-- @BeforeMethod browser -->
  <testcase classname="testcase.Uploading_Downloadingimage_009" name="@BeforeMethod browser" time="0.0">
    <skipped/>
  </testcase> <!-- @BeforeMethod browser -->
  <testcase classname="testcase.Slider_009" name="@BeforeMethod browser" time="0.0">
    <skipped/>
  </testcase> <!-- @BeforeMethod browser -->
  <testcase classname="testcase.PopupWindow_010" name="@BeforeMethod browser" time="0.0">
    <skipped/>
  </testcase> <!-- @BeforeMethod browser -->
  <testcase classname="testcase.AlertBox_011" name="@BeforeMethod browser" time="0.0">
    <skipped/>
  </testcase> <!-- @BeforeMethod browser -->
  <testcase classname="testcase.links_012" name="@BeforeMethod browser" time="0.0">
    <skipped/>
  </testcase> <!-- @BeforeMethod browser -->
  <testcase classname="testcase.loginTest_001" name="login" time="0.156">
    <failure type="java.lang.NullPointerException" message="Cannot invoke &amp;quot;org.apache.log4j.Logger.info(Object)&amp;quot; because &amp;quot;testcase.loginTest_001.log&amp;quot; is null">
      <![CDATA[java.lang.NullPointerException: Cannot invoke "org.apache.log4j.Logger.info(Object)" because "testcase.loginTest_001.log" is null
	at testcase.loginTest_001.login(loginTest_001.java:22)
... Removed 24 stack frames]]>
    </failure>
  </testcase> <!-- login -->
  <testcase classname="testcase.loginTest_001" name="login" time="0.001">
    <failure type="java.lang.NullPointerException" message="Cannot invoke &amp;quot;org.apache.log4j.Logger.info(Object)&amp;quot; because &amp;quot;testcase.loginTest_001.log&amp;quot; is null">
      <![CDATA[java.lang.NullPointerException: Cannot invoke "org.apache.log4j.Logger.info(Object)" because "testcase.loginTest_001.log" is null
	at testcase.loginTest_001.login(loginTest_001.java:22)
... Removed 24 stack frames]]>
    </failure>
  </testcase> <!-- login -->
  <testcase classname="testcase.loginTest_001" name="login" time="0.004">
    <failure type="java.lang.NullPointerException" message="Cannot invoke &amp;quot;org.apache.log4j.Logger.info(Object)&amp;quot; because &amp;quot;testcase.loginTest_001.log&amp;quot; is null">
      <![CDATA[java.lang.NullPointerException: Cannot invoke "org.apache.log4j.Logger.info(Object)" because "testcase.loginTest_001.log" is null
	at testcase.loginTest_001.login(loginTest_001.java:22)
... Removed 24 stack frames]]>
    </failure>
  </testcase> <!-- login -->
  <testcase classname="testcase.employee_create_002" name="create_Employee" time="0.001">
    <skipped/>
  </testcase> <!-- create_Employee -->
  <testcase classname="testcase.searchEmp_003" name="searchEmployee" time="0.001">
    <skipped/>
  </testcase> <!-- searchEmployee -->
  <testcase classname="testcase.serarchEmp_Duplicate_0014" name="serarchEmp_DuplicateEntry" time="0.002">
    <skipped/>
  </testcase> <!-- serarchEmp_DuplicateEntry -->
  <testcase classname="testcase.HandleMultipleTabs_004" name="MultipleTabs" time="0.001">
    <skipped/>
  </testcase> <!-- MultipleTabs -->
  <testcase classname="testcase.Single_Menus_005" name="Single_Menus" time="0.002">
    <skipped/>
  </testcase> <!-- Single_Menus -->
  <testcase classname="testcase.Sub_Menus_006" name="Sub_Menus" time="0.004">
    <skipped/>
  </testcase> <!-- Sub_Menus -->
  <testcase classname="testcase.Autocomplete_007" name="autocomplete" time="0.001">
    <skipped/>
  </testcase> <!-- autocomplete -->
  <testcase classname="testcase.Collapsible_008" name="Collapsible" time="0.002">
    <skipped/>
  </testcase> <!-- Collapsible -->
  <testcase classname="testcase.Uploading_Downloadingimage_009" name="image" time="0.001">
    <skipped/>
  </testcase> <!-- image -->
  <testcase classname="testcase.Slider_009" name="slider" time="0.001">
    <skipped/>
  </testcase> <!-- slider -->
  <testcase classname="testcase.PopupWindow_010" name="popup" time="0.002">
    <skipped/>
  </testcase> <!-- popup -->
  <testcase classname="testcase.AlertBox_011" name="alertBox" time="0.001">
    <skipped/>
  </testcase> <!-- alertBox -->
  <testcase classname="testcase.links_012" name="links" time="0.002">
    <skipped/>
  </testcase> <!-- links -->
</testsuite> <!-- Test -->
